0 info it worked if it ends with ok
1 verbose cli [ '/usr/bin/node', '/usr/bin/npm', 'run', 'serve' ]
2 info using npm@3.5.2
3 info using node@v8.10.0
4 verbose run-script [ 'preserve', 'serve', 'postserve' ]
5 info lifecycle fantasybaseball@1.0.0~preserve: fantasybaseball@1.0.0
6 silly lifecycle fantasybaseball@1.0.0~preserve: no script for preserve, continuing
7 info lifecycle fantasybaseball@1.0.0~serve: fantasybaseball@1.0.0
8 verbose lifecycle fantasybaseball@1.0.0~serve: unsafe-perm in lifecycle true
9 verbose lifecycle fantasybaseball@1.0.0~serve: PATH: /usr/share/npm/bin/node-gyp-bin:/home/ptoner/repos/fantasybaseballleague/node_modules/.bin:/home/ptoner/repos/fantasybaseballleague/node_modules/.bin:/home/ptoner/.local/bin:/home/ptoner/bin:/usr/local/sbin:/usr/local/bin:/usr/sbin:/usr/bin:/sbin:/bin:/usr/games:/usr/local/games:/snap/bin:/usr/lib/jvm/java-8-oracle/bin:/usr/lib/jvm/java-8-oracle/db/bin:/usr/lib/jvm/java-8-oracle/jre/bin:/usr/local/cuda:/usr/local/cuda/extras/CUPTI/lib64
10 verbose lifecycle fantasybaseball@1.0.0~serve: CWD: /home/ptoner/repos/fantasybaseballleague
11 silly lifecycle fantasybaseball@1.0.0~serve: Args: [ '-c', 'http-server ./www/ -o -c 1 -a localhost -p 8081' ]
12 silly lifecycle fantasybaseball@1.0.0~serve: Returned: code: 1  signal: null
13 info lifecycle fantasybaseball@1.0.0~serve: Failed to exec serve script
14 verbose stack Error: fantasybaseball@1.0.0 serve: `http-server ./www/ -o -c 1 -a localhost -p 8081`
14 verbose stack Exit status 1
14 verbose stack     at EventEmitter.<anonymous> (/usr/share/npm/lib/utils/lifecycle.js:232:16)
14 verbose stack     at emitTwo (events.js:126:13)
14 verbose stack     at EventEmitter.emit (events.js:214:7)
14 verbose stack     at ChildProcess.<anonymous> (/usr/share/npm/lib/utils/spawn.js:24:14)
14 verbose stack     at emitTwo (events.js:126:13)
14 verbose stack     at ChildProcess.emit (events.js:214:7)
14 verbose stack     at maybeClose (internal/child_process.js:925:16)
14 verbose stack     at Process.ChildProcess._handle.onexit (internal/child_process.js:209:5)
15 verbose pkgid fantasybaseball@1.0.0
16 verbose cwd /home/ptoner/repos/fantasybaseballleague
17 error Linux 4.17.19-041719-generic
18 error argv "/usr/bin/node" "/usr/bin/npm" "run" "serve"
19 error node v8.10.0
20 error npm  v3.5.2
21 error code ELIFECYCLE
22 error fantasybaseball@1.0.0 serve: `http-server ./www/ -o -c 1 -a localhost -p 8081`
22 error Exit status 1
23 error Failed at the fantasybaseball@1.0.0 serve script 'http-server ./www/ -o -c 1 -a localhost -p 8081'.
23 error Make sure you have the latest version of node.js and npm installed.
23 error If you do, this is most likely a problem with the fantasybaseball package,
23 error not with npm itself.
23 error Tell the author that this fails on your system:
23 error     http-server ./www/ -o -c 1 -a localhost -p 8081
23 error You can get information on how to open an issue for this project with:
23 error     npm bugs fantasybaseball
23 error Or if that isn't available, you can get their info via:
23 error     npm owner ls fantasybaseball
23 error There is likely additional logging output above.
24 verbose exit [ 1, true ]
